SchMgr:UseDsn forward sch0
SchMgr:NetlistDesign
sch write forward -force
Mdi:FullSize
sch pan down 0.1
sch pan down 0.1
sch pan down 0.1
sch pan down 0.1
sch pan up 0.1
sch pan up 0.1
sch pan up 0.1
sch property c_16_ value -name c 100
sch property c_16_ value -name c 100
sch pan up 0.1
sch pan up 0.1
sch property c_18_ value -name c 100
sch property c_18_ value -name c 100
sch property lh_12_ value -name l 100
sch property lh_12_ value -name l 100
sch property lh_12_ value -name l 100u
sch property lh_12_ value -name l 100u
sch property c_16_ value -name c 4.4u
sch property c_16_ value -name c 4.4u
sch property c_18_ value -name c 4.4u
sch property c_18_ value -name c 4.4u
sch write forward -force
SimSession loadDesign -blocking no
SimSession runCommand {dctr(monitor 100,tend 0.06,tstep 100n} -blocking no -queue yes
SimSession runCommand {tr (tend 0.06,tstep 100n} -blocking no -queue yes
sch zoom out
sch zoom out
sch zoom out
sch zoom out
sch zoom in
sch zoom in
SimSession runCommand {dctr(monitor 100,tend 0.06,tstep 100n} -blocking no -queue yes
sch property clock_l4_55_ value -name freq 200k
sch property clock_l4_55_ value -name freq 200k
SimSession runCommand {dctr(monitor 100,tend 0.06,tstep 100n} -blocking no -queue yes
sch rotate sps_69_ 180
sch move sps_69_ 160 0 {}
# w_83_ w_84_
sch lower w_83_
sch lower w_84_
AimUndo:Undo
AimUndo:Undo
sch move sps_69_ 0 320 {}
sch ymirror sps_69_
sch delete w_72_
sch delete w_76_
sch move sps_69_ 0 -320 {}
sch move clock_l4_55_ -160 0 {}
sch create wire -160 -1760 160 -1760
# w_88_
sch lower w_88_
sch create wire 800 -1760 2080 -1760 2080 -1920
# w_90_
sch lower w_90_
sch write forward -force
SimSession closeDesign
SimSession loadDesign -blocking no
SimSession runCommand {dctr(monitor 100,tend 0.06,tstep 100n} -blocking no -queue yes
sch pan down 0.001531393568147
sch pan right 0.001328903654485
sch pan down 0.003062787136294
sch pan right 0.001328903654485
sch pan down 0.0061255742725881
sch pan down 0.004594180704441
sch pan right 664.45182724252u
sch pan down 0.003062787136294
sch pan right 0.0026578073089701
sch pan down 0.013782542113323
sch pan right 0.0026578073089701
sch pan down 0.010719754977029
sch pan right 0.0033222591362126
sch pan down 0.01531393568147
sch pan right 0.0039867109634551
sch pan down 0.016845329249617
sch pan right 0.0026578073089701
sch pan down 0.0091883614088821
sch pan right 664.45182724252u
sch pan down 0.004594180704441
sch pan right 664.45182724252u
sch pan down 0.003062787136294
sch pan right 664.45182724252u
sch pan down 0.001531393568147
sch pan down 0.001531393568147
SchMgr:Exit
